Log file open, 04/26/22 13:20:05
LogWindows: Failed to load 'aqProf.dll' (GetLastError=126)
LogWindows: File 'aqProf.dll' does not exist
LogWindows: Failed to load 'VtuneApi.dll' (GetLastError=126)
LogWindows: File 'VtuneApi.dll' does not exist
LogWindows: Failed to load 'VtuneApi32e.dll' (GetLastError=126)
LogWindows: File 'VtuneApi32e.dll' does not exist
LogConsoleResponse: Display: Failed to find resolution value strings in scalability ini. Falling back to default.
LogConsoleResponse: Display: Failed to find resolution value strings in scalability ini. Falling back to default.
LogInit: Display: Running engine for game: CIS488_Alpha
LogPlatformFile: Not using cached read wrapper
LogTaskGraph: Started task graph with 5 named threads and 59 total threads with 3 sets of task threads.
LogStats: Stats thread started at 0.209121
LogICUInternationalization: ICU TimeZone Detection - Raw Offset: -5:00, Platform Override: ''
LogInit: Display: Loading text-based GConfig....
LogPluginManager: Mounting plugin MeshPainting
LogPluginManager: Mounting plugin XGEController
LogPluginManager: Mounting plugin Paper2D
LogPluginManager: Mounting plugin LiveLink
LogPluginManager: Mounting plugin AISupport
LogPluginManager: Mounting plugin EnvironmentQueryEditor
LogPluginManager: Mounting plugin LightPropagationVolume
LogPluginManager: Mounting plugin OodleData
LogPluginManager: Mounting plugin GameplayCameras
LogPluginManager: Mounting plugin CameraShakePreviewer
LogPluginManager: Mounting plugin OodleNetwork
LogPluginManager: Mounting plugin AssetManagerEditor
LogPluginManager: Mounting plugin CurveEditorTools
LogPluginManager: Mounting plugin CryptoKeys
LogPluginManager: Mounting plugin DataValidation
LogPluginManager: Mounting plugin FacialAnimation
LogPluginManager: Mounting plugin GameplayTagsEditor
LogPluginManager: Mounting plugin GeometryMode
LogPluginManager: Mounting plugin MaterialAnalyzer
LogPluginManager: Mounting plugin MacGraphicsSwitching
LogPluginManager: Mounting plugin MobileLauncherProfileWizard
LogPluginManager: Mounting plugin PluginBrowser
LogPluginManager: Mounting plugin AnimationSharing
LogPluginManager: Mounting plugin SpeedTreeImporter
LogPluginManager: Mounting plugin CodeLiteSourceCodeAccess
LogPluginManager: Mounting plugin CLionSourceCodeAccess
LogPluginManager: Mounting plugin NullSourceCodeAccess
LogPluginManager: Mounting plugin KDevelopSourceCodeAccess
LogPluginManager: Mounting plugin GitSourceControl
LogPluginManager: Mounting plugin PerforceSourceControl
LogPluginManager: Mounting plugin PropertyAccessNode
LogPluginManager: Mounting plugin RiderSourceCodeAccess
LogPluginManager: Mounting plugin PlasticSourceControl
LogPluginManager: Mounting plugin PixWinPlugin
LogPluginManager: Mounting plugin PluginUtils
LogPluginManager: Mounting plugin SubversionSourceControl
LogPluginManager: Mounting plugin TextureFormatOodle
LogPluginManager: Mounting plugin UObjectPlugin
LogPluginManager: Mounting plugin DatasmithContent
LogPluginManager: Mounting plugin VariantManagerContent
LogPluginManager: Mounting plugin VisualStudioSourceCodeAccess
LogPluginManager: Mounting plugin XCodeSourceCodeAccess
LogPluginManager: Mounting plugin VisualStudioCodeSourceCodeAccess
LogPluginManager: Mounting plugin AlembicImporter
LogPluginManager: Mounting plugin BackChannel
LogPluginManager: Mounting plugin AutomationUtils
LogPluginManager: Mounting plugin ChaosEditor
LogPluginManager: Mounting plugin CharacterAI
LogPluginManager: Mounting plugin ChaosCloth
LogPluginManager: Mounting plugin ChaosClothEditor
LogPluginManager: Mounting plugin ChaosSolverPlugin
LogPluginManager: Mounting plugin ChaosNiagara
LogPluginManager: Mounting plugin GeometryCollectionPlugin
LogPluginManager: Mounting plugin Niagara
LogPluginManager: Mounting plugin GeometryCache
LogPluginManager: Mounting plugin GeometryProcessing
LogPluginManager: Mounting plugin MotoSynth
LogPluginManager: Mounting plugin OpenImageDenoise
LogPluginManager: Mounting plugin PlanarCut
LogPluginManager: Mounting plugin PlatformCrypto
LogPluginManager: Mounting plugin ProxyLODPlugin
LogPluginManager: Mounting plugin PythonScriptPlugin
LogPluginManager: Mounting plugin SkeletalReduction
LogPluginManager: Mounting plugin EasyFileDialog
LogPluginManager: Mounting plugin RuntimeAudioImporter
LogPluginManager: Mounting plugin AndroidMedia
LogPluginManager: Mounting plugin AvfMedia
LogPluginManager: Mounting plugin ImgMedia
LogPluginManager: Mounting plugin MediaCompositing
LogPluginManager: Mounting plugin MediaPlayerEditor
LogPluginManager: Mounting plugin WebMMedia
LogPluginManager: Mounting plugin WmfMedia
LogPluginManager: Mounting plugin LuminPlatformFeatures
LogPluginManager: Mounting plugin MagicLeap
LogPluginManager: Mounting plugin MagicLeapLightEstimation
LogPluginManager: Mounting plugin MagicLeapMedia
LogPluginManager: Mounting plugin MagicLeapPassableWorld
LogPluginManager: Mounting plugin MLSDK
LogPluginManager: Mounting plugin TcpMessaging
LogPluginManager: Mounting plugin UdpMessaging
LogPluginManager: Mounting plugin LauncherChunkInstaller
LogPluginManager: Mounting plugin ActorLayerUtilities
LogPluginManager: Mounting plugin AndroidDeviceProfileSelector
LogPluginManager: Mounting plugin AndroidMoviePlayer
LogPluginManager: Mounting plugin AndroidPermission
LogPluginManager: Mounting plugin AppleImageUtils
LogPluginManager: Mounting plugin AppleMoviePlayer
LogPluginManager: Mounting plugin ArchVisCharacter
LogPluginManager: Mounting plugin AudioCapture
LogPluginManager: Mounting plugin AssetTags
LogPluginManager: Mounting plugin AudioModulation
LogPluginManager: Mounting plugin AudioSynesthesia
LogPluginManager: Mounting plugin CableComponent
LogPluginManager: Mounting plugin ChunkDownloader
LogPluginManager: Mounting plugin CustomMeshComponent
LogPluginManager: Mounting plugin EditableMesh
LogPluginManager: Mounting plugin ExampleDeviceProfileSelector
LogPluginManager: Mounting plugin GooglePAD
LogPluginManager: Mounting plugin GoogleCloudMessaging
LogPluginManager: Mounting plugin IOSDeviceProfileSelector
LogPluginManager: Mounting plugin LinuxDeviceProfileSelector
LogPluginManager: Mounting plugin LocationServicesBPLibrary
LogPluginManager: Mounting plugin MobilePatchingUtils
LogPluginManager: Mounting plugin OpenXRHandTracking
LogPluginManager: Mounting plugin OSC
LogPluginManager: Mounting plugin OpenXREyeTracker
LogPluginManager: Mounting plugin OSCModulationMixing
LogPluginManager: Mounting plugin PhysXVehicles
LogPluginManager: Mounting plugin PostSplashScreen
LogPluginManager: Mounting plugin PropertyAccessEditor
LogPluginManager: Mounting plugin ProceduralMeshComponent
LogPluginManager: Mounting plugin RuntimePhysXCooking
LogPluginManager: Mounting plugin SoundCueTemplates
LogPluginManager: Mounting plugin SoundFields
LogPluginManager: Mounting plugin SignificanceManager
LogPluginManager: Mounting plugin SoundMod
LogPluginManager: Mounting plugin SoundUtilities
LogPluginManager: Mounting plugin SoundVisualizations
LogPluginManager: Mounting plugin Synthesis
LogPluginManager: Mounting plugin WebMMoviePlayer
LogPluginManager: Mounting plugin WindowsMoviePlayer
LogPluginManager: Mounting plugin ScreenshotTools
LogPluginManager: Mounting plugin OpenXR
LogPluginManager: Mounting plugin OnlineSubsystem
LogPluginManager: Mounting plugin OnlineSubsystemNull
LogPluginManager: Mounting plugin OnlineSubsystemUtils
LogPluginManager: Mounting plugin Takes
LogPluginManager: Mounting plugin ActorSequence
LogPluginManager: Mounting plugin LevelSequenceEditor
LogPluginManager: Mounting plugin MatineeToLevelSequence
LogPluginManager: Mounting plugin TemplateSequence
LogPluginManager: Mounting plugin ContentBrowserClassDataSource
LogPluginManager: Mounting plugin ContentBrowserAssetDataSource
LogPluginManager: Mounting plugin ContentBrowserFileDataSource
LogPluginManager: Mounting plugin OculusVR
LogPluginManager: Mounting plugin SteamVR
LogPluginManager: Mounting plugin OnlineSubsystemGooglePlay
LogPluginManager: Mounting plugin OnlineSubsystemIOS
PixWinPlugin: PIX capture plugin failed to initialize! Check that the process is launched from PIX.
LogInit: Using libcurl 7.55.1-DEV
LogInit:  - built for x86_64-pc-win32
LogInit:  - supports SSL with OpenSSL/1.1.1
LogInit:  - supports HTTP deflate (compression) using libz 1.2.8
LogInit:  - other features:
LogInit:      CURL_VERSION_SSL
LogInit:      CURL_VERSION_LIBZ
LogInit:      CURL_VERSION_IPV6
LogInit:      CURL_VERSION_ASYNCHDNS
LogInit:      CURL_VERSION_LARGEFILE
LogInit:      CURL_VERSION_IDN
LogInit:  CurlRequestOptions (configurable via config and command line):
LogInit:  - bVerifyPeer = true  - Libcurl will verify peer certificate
LogInit:  - bUseHttpProxy = false  - Libcurl will NOT use HTTP proxy
LogInit:  - bDontReuseConnections = false  - Libcurl will reuse connections
LogInit:  - MaxHostConnections = 16  - Libcurl will limit the number of connections to a host
LogInit:  - LocalHostAddr = Default
LogInit:  - BufferSize = 65536
LogOnline: OSS: Creating online subsystem instance for: NULL
LogInit: WinSock: version 1.1 (2.2), MaxSocks=32767, MaxUdp=65467
LogOnline: OSS: TryLoadSubsystemAndSetDefault: Loaded subsystem for module [NULL]
LogOculusPluginWrapper: OculusPlugin initialized successfully
LogHMD: Failed initializing OVRPlugin 1.59.0
LogInit: Build: ++UE4+Release-4.27-CL-18319896
LogInit: Engine Version: 4.27.2-18319896+++UE4+Release-4.27
LogInit: Compatible Engine Version: 4.27.0-17155196+++UE4+Release-4.27
LogInit: Net CL: 17155196
LogInit: OS: Windows 10 (Release 2009) (), CPU: Intel(R) Core(TM) i9-10900KF CPU @ 3.70GHz, GPU: NVIDIA GeForce RTX 2080 Ti
LogInit: Compiled (64-bit): Nov 30 2021 07:12:08
LogInit: Compiled with Visual C++: 19.24.28315.00
LogInit: Build Configuration: Development
LogInit: Branch Name: ++UE4+Release-4.27
LogInit: Command Line:  /Game/ThirdPersonBP/Maps/Main_Menu/Main_Menu_Level -game -PIEVIACONSOLE -Multiprocess GameUserSettingsINI=C:/Users/ambrizel/Documents/GitHub/CIS488_Alpha/Saved/Config/Windows/PIEGameUserSettings0.ini -MultiprocessSaveConfig -forcepassthrough -messaging -SessionName="Play in Standalone Game" -windowed -ResX=1280 -ResY=720
LogInit: Base Directory: C:/Epic Games/UE_4.27/Engine/Binaries/Win64/
LogInit: Allocator: TBB
LogInit: Installed Engine Build: 1
LogDevObjectVersion: Number of dev versions registered: 29
LogDevObjectVersion:   Dev-Blueprints (B0D832E4-1F89-4F0D-ACCF-7EB736FD4AA2): 10
LogDevObjectVersion:   Dev-Build (E1C64328-A22C-4D53-A36C-8E866417BD8C): 0
LogDevObjectVersion:   Dev-Core (375EC13C-06E4-48FB-B500-84F0262A717E): 4
LogDevObjectVersion:   Dev-Editor (E4B068ED-F494-42E9-A231-DA0B2E46BB41): 40
LogDevObjectVersion:   Dev-Framework (CFFC743F-43B0-4480-9391-14DF171D2073): 37
LogDevObjectVersion:   Dev-Mobile (B02B49B5-BB20-44E9-A304-32B752E40360): 3
LogDevObjectVersion:   Dev-Networking (A4E4105C-59A1-49B5-A7C5-40C4547EDFEE): 0
LogDevObjectVersion:   Dev-Online (39C831C9-5AE6-47DC-9A44-9C173E1C8E7C): 0
LogDevObjectVersion:   Dev-Physics (78F01B33-EBEA-4F98-B9B4-84EACCB95AA2): 14
LogDevObjectVersion:   Dev-Platform (6631380F-2D4D-43E0-8009-CF276956A95A): 0
LogDevObjectVersion:   Dev-Rendering (12F88B9F-8875-4AFC-A67C-D90C383ABD29): 45
LogDevObjectVersion:   Dev-Sequencer (7B5AE74C-D270-4C10-A958-57980B212A5A): 13
LogDevObjectVersion:   Dev-VR (D7296918-1DD6-4BDD-9DE2-64A83CC13884): 3
LogDevObjectVersion:   Dev-LoadTimes (C2A15278-BFE7-4AFE-6C17-90FF531DF755): 1
LogDevObjectVersion:   Private-Geometry (6EACA3D4-40EC-4CC1-B786-8BED09428FC5): 3
LogDevObjectVersion:   Dev-AnimPhys (29E575DD-E0A3-4627-9D10-D276232CDCEA): 17
LogDevObjectVersion:   Dev-Anim (AF43A65D-7FD3-4947-9873-3E8ED9C1BB05): 15
LogDevObjectVersion:   Dev-ReflectionCapture (6B266CEC-1EC7-4B8F-A30B-E4D90942FC07): 1
LogDevObjectVersion:   Dev-Automation (0DF73D61-A23F-47EA-B727-89E90C41499A): 1
LogDevObjectVersion:   FortniteMain (601D1886-AC64-4F84-AA16-D3DE0DEAC7D6): 47
LogDevObjectVersion:   FortniteRelease (E7086368-6B23-4C58-8439-1B7016265E91): 1
LogDevObjectVersion:   Dev-Enterprise (9DFFBCD6-494F-0158-E221-12823C92A888): 10
LogDevObjectVersion:   Dev-Niagara (F2AED0AC-9AFE-416F-8664-AA7FFA26D6FC): 1
LogDevObjectVersion:   Dev-Destruction (174F1F0B-B4C6-45A5-B13F-2EE8D0FB917D): 10
LogDevObjectVersion:   Dev-Physics-Ext (35F94A83-E258-406C-A318-09F59610247C): 41
LogDevObjectVersion:   Dev-PhysicsMaterial-Chaos (B68FC16E-8B1B-42E2-B453-215C058844FE): 1
LogDevObjectVersion:   Dev-CineCamera (B2E18506-4273-CFC2-A54E-F4BB758BBA07): 1
LogDevObjectVersion:   Dev-VirtualProduction (64F58936-FD1B-42BA-BA96-7289D5D0FA4E): 1
LogDevObjectVersion:   Dev-MediaFramework (6F0ED827-A609-4895-9C91-998D90180EA4): 2
LogInit: Presizing for max 25165824 objects, including 0 objects not considered by GC, pre-allocating 0 bytes for permanent pool.
LogConfig: Applying CVar settings from Section [/Script/Engine.StreamingSettings] File [C:/Users/ambrizel/Documents/GitHub/CIS488_Alpha/Saved/Config/Windows/Engine.ini]
LogConfig: Setting CVar [[s.MinBulkDataSizeForAsyncLoading:131072]]
LogConfig: Setting CVar [[s.AsyncLoadingThreadEnabled:0]]
LogConfig: Setting CVar [[s.EventDrivenLoaderEnabled:1]]
LogConfig: Setting CVar [[s.WarnIfTimeLimitExceeded:0]]
LogConfig: Setting CVar [[s.TimeLimitExceededMultiplier:1.5]]
LogConfig: Setting CVar [[s.TimeLimitExceededMinTime:0.005]]
LogConfig: Setting CVar [[s.UseBackgroundLevelStreaming:1]]
LogConfig: Setting CVar [[s.PriorityAsyncLoadingExtraTime:15.0]]
LogConfig: Setting CVar [[s.LevelStreamingActorsUpdateTimeLimit:5.0]]
LogConfig: Setting CVar [[s.PriorityLevelStreamingActorsUpdateExtraTime:5.0]]
LogConfig: Setting CVar [[s.LevelStreamingComponentsRegistrationGranularity:10]]
LogConfig: Setting CVar [[s.UnregisterComponentsTimeLimit:1.0]]
LogConfig: Setting CVar [[s.LevelStreamingComponentsUnregistrationGranularity:5]]
LogConfig: Setting CVar [[s.FlushStreamingOnExit:1]]
LogInit: Object subsystem initialized
LogConfig: Setting CVar [[con.DebugEarlyDefault:1]]
LogConfig: Setting CVar [[r.setres:1280x720]]
[2022.04.26-17.20.06:050][  0]LogConfig: Setting CVar [[con.DebugEarlyDefault:1]]
[2022.04.26-17.20.06:050][  0]LogConfig: Setting CVar [[r.setres:1280x720]]
[2022.04.26-17.20.06:050][  0]LogConfig: Applying CVar settings from Section [/Script/Engine.RendererSettings] File [C:/Users/ambrizel/Documents/GitHub/CIS488_Alpha/Saved/Config/Windows/Engine.ini]
[2022.04.26-17.20.06:050][  0]LogConfig: Setting CVar [[r.GPUCrashDebugging:0]]
[2022.04.26-17.20.06:050][  0]LogConfig: Setting CVar [[r.DefaultFeature.AntiAliasing:1]]
[2022.04.26-17.20.06:050][  0]LogConfig: Applying CVar settings from Section [/Script/Engine.RendererOverrideSettings] File [C:/Users/ambrizel/Documents/GitHub/CIS488_Alpha/Saved/Config/Windows/Engine.ini]
[2022.04.26-17.20.06:050][  0]LogConfig: Applying CVar settings from Section [/Script/Engine.StreamingSettings] File [C:/Users/ambrizel/Documents/GitHub/CIS488_Alpha/Saved/Config/Windows/Engine.ini]
[2022.04.26-17.20.06:050][  0]LogConfig: Setting CVar [[s.MinBulkDataSizeForAsyncLoading:131072]]
[2022.04.26-17.20.06:050][  0]LogConfig: Setting CVar [[s.AsyncLoadingThreadEnabled:0]]
[2022.04.26-17.20.06:050][  0]LogConfig: Setting CVar [[s.EventDrivenLoaderEnabled:1]]
[2022.04.26-17.20.06:050][  0]LogConfig: Setting CVar [[s.WarnIfTimeLimitExceeded:0]]
[2022.04.26-17.20.06:050][  0]LogConfig: Setting CVar [[s.TimeLimitExceededMultiplier:1.5]]
[2022.04.26-17.20.06:050][  0]LogConfig: Setting CVar [[s.TimeLimitExceededMinTime:0.005]]
[2022.04.26-17.20.06:050][  0]LogConfig: Setting CVar [[s.UseBackgroundLevelStreaming:1]]
[2022.04.26-17.20.06:050][  0]LogConfig: Setting CVar [[s.PriorityAsyncLoadingExtraTime:15.0]]
[2022.04.26-17.20.06:050][  0]LogConfig: Setting CVar [[s.LevelStreamingActorsUpdateTimeLimit:5.0]]
[2022.04.26-17.20.06:050][  0]LogConfig: Setting CVar [[s.PriorityLevelStreamingActorsUpdateExtraTime:5.0]]
[2022.04.26-17.20.06:050][  0]LogConfig: Setting CVar [[s.LevelStreamingComponentsRegistrationGranularity:10]]
[2022.04.26-17.20.06:050][  0]LogConfig: Setting CVar [[s.UnregisterComponentsTimeLimit:1.0]]
[2022.04.26-17.20.06:050][  0]LogConfig: Setting CVar [[s.LevelStreamingComponentsUnregistrationGranularity:5]]
[2022.04.26-17.20.06:050][  0]LogConfig: Setting CVar [[s.FlushStreamingOnExit:1]]
[2022.04.26-17.20.06:050][  0]LogConfig: Applying CVar settings from Section [/Script/Engine.GarbageCollectionSettings] File [C:/Users/ambrizel/Documents/GitHub/CIS488_Alpha/Saved/Config/Windows/Engine.ini]
[2022.04.26-17.20.06:050][  0]LogConfig: Setting CVar [[gc.MaxObjectsNotConsideredByGC:1]]
[2022.04.26-17.20.06:050][  0]LogConfig: Setting CVar [[gc.SizeOfPermanentObjectPool:0]]
[2022.04.26-17.20.06:050][  0]LogConfig: Setting CVar [[gc.FlushStreamingOnGC:0]]
[2022.04.26-17.20.06:050][  0]LogConfig: Setting CVar [[gc.NumRetriesBeforeForcingGC:10]]
[2022.04.26-17.20.06:050][  0]LogConfig: Setting CVar [[gc.AllowParallelGC:1]]
[2022.04.26-17.20.06:050][  0]LogConfig: Setting CVar [[gc.TimeBetweenPurgingPendingKillObjects:61.1]]
[2022.04.26-17.20.06:050][  0]LogConfig: Setting CVar [[gc.MaxObjectsInEditor:25165824]]
[2022.04.26-17.20.06:050][  0]LogConfig: Setting CVar [[gc.IncrementalBeginDestroyEnabled:1]]
[2022.04.26-17.20.06:050][  0]LogConfig: Setting CVar [[gc.CreateGCClusters:1]]
[2022.04.26-17.20.06:050][  0]LogConfig: Setting CVar [[gc.MinGCClusterSize:5]]
[2022.04.26-17.20.06:050][  0]LogConfig: Setting CVar [[gc.ActorClusteringEnabled:0]]
[2022.04.26-17.20.06:050][  0]LogConfig: Setting CVar [[gc.BlueprintClusteringEnabled:0]]
[2022.04.26-17.20.06:050][  0]LogConfig: Setting CVar [[gc.UseDisregardForGCOnDedicatedServers:0]]
[2022.04.26-17.20.06:050][  0]LogConfig: Setting CVar [[gc.MultithreadedDestructionEnabled:1]]
[2022.04.26-17.20.06:050][  0]LogConfig: Applying CVar settings from Section [/Script/Engine.NetworkSettings] File [C:/Users/ambrizel/Documents/GitHub/CIS488_Alpha/Saved/Config/Windows/Engine.ini]
[2022.04.26-17.20.06:050][  0]LogConfig: Applying CVar settings from Section [/Script/UnrealEd.CookerSettings] File [C:/Users/ambrizel/Documents/GitHub/CIS488_Alpha/Saved/Config/Windows/Engine.ini]
[2022.04.26-17.20.06:085][  0]LogConfig: Applying CVar settings from Section [ViewDistanceQuality@3] File [C:/Users/ambrizel/Documents/GitHub/CIS488_Alpha/Saved/Config/Windows/Scalability.ini]
[2022.04.26-17.20.06:085][  0]LogConfig: Setting CVar [[r.SkeletalMeshLODBias:0]]
[2022.04.26-17.20.06:085][  0]LogConfig: Setting CVar [[r.ViewDistanceScale:1.0]]
[2022.04.26-17.20.06:085][  0]LogConfig: Applying CVar settings from Section [AntiAliasingQuality@3] File [C:/Users/ambrizel/Documents/GitHub/CIS488_Alpha/Saved/Config/Windows/Scalability.ini]
[2022.04.26-17.20.06:085][  0]LogConfig: Setting CVar [[r.PostProcessAAQuality:4]]
[2022.04.26-17.20.06:085][  0]LogConfig: Applying CVar settings from Section [ShadowQuality@3] File [C:/Users/ambrizel/Documents/GitHub/CIS488_Alpha/Saved/Config/Windows/Scalability.ini]
[2022.04.26-17.20.06:085][  0]LogConfig: Setting CVar [[r.LightFunctionQuality:1]]
[2022.04.26-17.20.06:085][  0]LogConfig: Setting CVar [[r.ShadowQuality:5]]
[2022.04.26-17.20.06:085][  0]LogConfig: Setting CVar [[r.Shadow.CSM.MaxCascades:10]]
[2022.04.26-17.20.06:085][  0]LogConfig: Setting CVar [[r.Shadow.MaxResolution:2048]]
[2022.04.26-17.20.06:085][  0]LogConfig: Setting CVar [[r.Shadow.MaxCSMResolution:2048]]
[2022.04.26-17.20.06:085][  0]LogConfig: Setting CVar [[r.Shadow.RadiusThreshold:0.01]]
[2022.04.26-17.20.06:085][  0]LogConfig: Setting CVar [[r.Shadow.DistanceScale:1.0]]
[2022.04.26-17.20.06:085][  0]LogConfig: Setting CVar [[r.Shadow.CSM.TransitionScale:1.0]]
[2022.04.26-17.20.06:085][  0]LogConfig: Setting CVar [[r.Shadow.PreShadowResolutionFactor:1.0]]
[2022.04.26-17.20.06:085][  0]LogConfig: Setting CVar [[r.DistanceFieldShadowing:1]]
[2022.04.26-17.20.06:085][  0]LogConfig: Setting CVar [[r.DistanceFieldAO:1]]
[2022.04.26-17.20.06:085][  0]LogConfig: Setting CVar [[r.AOQuality:2]]
[2022.04.26-17.20.06:085][  0]LogConfig: Setting CVar [[r.VolumetricFog:1]]
[2022.04.26-17.20.06:085][  0]LogConfig: Setting CVar [[r.VolumetricFog.GridPixelSize:8]]
[2022.04.26-17.20.06:085][  0]LogConfig: Setting CVar [[r.VolumetricFog.GridSizeZ:128]]
[2022.04.26-17.20.06:085][  0]LogConfig: Setting CVar [[r.VolumetricFog.HistoryMissSupersampleCount:4]]
[2022.04.26-17.20.06:085][  0]LogConfig: Setting CVar [[r.LightMaxDrawDistanceScale:1]]
[2022.04.26-17.20.06:085][  0]LogConfig: Setting CVar [[r.CapsuleShadows:1]]
[2022.04.26-17.20.06:085][  0]LogConfig: Applying CVar settings from Section [PostProcessQuality@3] File [C:/Users/ambrizel/Documents/GitHub/CIS488_Alpha/Saved/Config/Windows/Scalability.ini]
[2022.04.26-17.20.06:085][  0]LogConfig: Setting CVar [[r.MotionBlurQuality:4]]
[2022.04.26-17.20.06:085][  0]LogConfig: Setting CVar [[r.AmbientOcclusionMipLevelFactor:0.4]]
[2022.04.26-17.20.06:085][  0]LogConfig: Setting CVar [[r.AmbientOcclusionMaxQuality:100]]
[2022.04.26-17.20.06:085][  0]LogConfig: Setting CVar [[r.AmbientOcclusionLevels:-1]]
[2022.04.26-17.20.06:085][  0]LogConfig: Setting CVar [[r.AmbientOcclusionRadiusScale:1.0]]
[2022.04.26-17.20.06:085][  0]LogConfig: Setting CVar [[r.DepthOfFieldQuality:2]]
[2022.04.26-17.20.06:085][  0]LogConfig: Setting CVar [[r.RenderTargetPoolMin:400]]
[2022.04.26-17.20.06:085][  0]LogConfig: Setting CVar [[r.LensFlareQuality:2]]
[2022.04.26-17.20.06:085][  0]LogConfig: Setting CVar [[r.SceneColorFringeQuality:1]]
[2022.04.26-17.20.06:085][  0]LogConfig: Setting CVar [[r.EyeAdaptationQuality:2]]
[2022.04.26-17.20.06:085][  0]LogConfig: Setting CVar [[r.BloomQuality:5]]
[2022.04.26-17.20.06:085][  0]LogConfig: Setting CVar [[r.FastBlurThreshold:100]]
[2022.04.26-17.20.06:085][  0]LogConfig: Setting CVar [[r.Upscale.Quality:3]]
[2022.04.26-17.20.06:085][  0]LogConfig: Setting CVar [[r.Tonemapper.GrainQuantization:1]]
[2022.04.26-17.20.06:085][  0]LogConfig: Setting CVar [[r.LightShaftQuality:1]]
[2022.04.26-17.20.06:085][  0]LogConfig: Setting CVar [[r.Filter.SizeScale:1]]
[2022.04.26-17.20.06:085][  0]LogConfig: Setting CVar [[r.Tonemapper.Quality:5]]
[2022.04.26-17.20.06:085][  0]LogConfig: Setting CVar [[r.DOF.Gather.AccumulatorQuality:1        ; higher gathering accumulator quality]]
[2022.04.26-17.20.06:085][  0]LogConfig: Setting CVar [[r.DOF.Gather.PostfilterMethod:1          ; Median3x3 postfilering method]]
[2022.04.26-17.20.06:085][  0]LogConfig: Setting CVar [[r.DOF.Gather.EnableBokehSettings:0       ; no bokeh simulation when gathering]]
[2022.04.26-17.20.06:085][  0]LogConfig: Setting CVar [[r.DOF.Gather.RingCount:4                 ; medium number of samples when gathering]]
[2022.04.26-17.20.06:085][  0]LogConfig: Setting CVar [[r.DOF.Scatter.ForegroundCompositing:1    ; additive foreground scattering]]
[2022.04.26-17.20.06:085][  0]LogConfig: Setting CVar [[r.DOF.Scatter.BackgroundCompositing:2    ; additive background scattering]]
[2022.04.26-17.20.06:085][  0]LogConfig: Setting CVar [[r.DOF.Scatter.EnableBokehSettings:1      ; bokeh simulation when scattering]]
[2022.04.26-17.20.06:085][  0]LogConfig: Setting CVar [[r.DOF.Scatter.MaxSpriteRatio:0.1         ; only a maximum of 10% of scattered bokeh]]
[2022.04.26-17.20.06:085][  0]LogConfig: Setting CVar [[r.DOF.Recombine.Quality:1                ; cheap slight out of focus]]
[2022.04.26-17.20.06:085][  0]LogConfig: Setting CVar [[r.DOF.Recombine.EnableBokehSettings:0    ; no bokeh simulation on slight out of focus]]
[2022.04.26-17.20.06:085][  0]LogConfig: Setting CVar [[r.DOF.TemporalAAQuality:1                ; more stable temporal accumulation]]
[2022.04.26-17.20.06:085][  0]LogConfig: Setting CVar [[r.DOF.Kernel.MaxForegroundRadius:0.025]]
[2022.04.26-17.20.06:085][  0]LogConfig: Setting CVar [[r.DOF.Kernel.MaxBackgroundRadius:0.025]]
[2022.04.26-17.20.06:085][  0]LogConfig: Applying CVar settings from Section [TextureQuality@3] File [C:/Users/ambrizel/Documents/GitHub/CIS488_Alpha/Saved/Config/Windows/Scalability.ini]
[2022.04.26-17.20.06:085][  0]LogConfig: Setting CVar [[r.Streaming.MipBias:0]]
[2022.04.26-17.20.06:085][  0]LogConfig: Setting CVar [[r.Streaming.AmortizeCPUToGPUCopy:0]]
[2022.04.26-17.20.06:085][  0]LogConfig: Setting CVar [[r.Streaming.MaxNumTexturesToStreamPerFrame:0]]
[2022.04.26-17.20.06:085][  0]LogConfig: Setting CVar [[r.Streaming.Boost:1]]
[2022.04.26-17.20.06:085][  0]LogConfig: Setting CVar [[r.MaxAnisotropy:8]]
[2022.04.26-17.20.06:085][  0]LogConfig: Setting CVar [[r.VT.MaxAnisotropy:8]]
[2022.04.26-17.20.06:085][  0]LogConfig: Setting CVar [[r.Streaming.LimitPoolSizeToVRAM:0]]
[2022.04.26-17.20.06:085][  0]LogConfig: Setting CVar [[r.Streaming.PoolSize:1000]]
[2022.04.26-17.20.06:085][  0]LogConfig: Setting CVar [[r.Streaming.MaxEffectiveScreenSize:0]]
[2022.04.26-17.20.06:085][  0]LogConfig: Applying CVar settings from Section [EffectsQuality@3] File [C:/Users/ambrizel/Documents/GitHub/CIS488_Alpha/Saved/Config/Windows/Scalability.ini]
[2022.04.26-17.20.06:085][  0]LogConfig: Setting CVar [[r.TranslucencyLightingVolumeDim:64]]
[2022.04.26-17.20.06:085][  0]LogConfig: Setting CVar [[r.RefractionQuality:2]]
[2022.04.26-17.20.06:085][  0]LogConfig: Setting CVar [[r.SSR.Quality:3]]
[2022.04.26-17.20.06:085][  0]LogConfig: Setting CVar [[r.SSR.HalfResSceneColor:0]]
[2022.04.26-17.20.06:085][  0]LogConfig: Setting CVar [[r.SceneColorFormat:4]]
[2022.04.26-17.20.06:085][  0]LogConfig: Setting CVar [[r.DetailMode:2]]
[2022.04.26-17.20.06:085][  0]LogConfig: Setting CVar [[r.TranslucencyVolumeBlur:1]]
[2022.04.26-17.20.06:085][  0]LogConfig: Setting CVar [[r.MaterialQualityLevel:1 ; High quality]]
[2022.04.26-17.20.06:085][  0]LogConfig: Setting CVar [[r.AnisotropicMaterials:1]]
[2022.04.26-17.20.06:085][  0]LogConfig: Setting CVar [[r.SSS.Scale:1]]
[2022.04.26-17.20.06:085][  0]LogConfig: Setting CVar [[r.SSS.SampleSet:2]]
[2022.04.26-17.20.06:085][  0]LogConfig: Setting CVar [[r.SSS.Quality:1]]
[2022.04.26-17.20.06:085][  0]LogConfig: Setting CVar [[r.SSS.HalfRes:0]]
[2022.04.26-17.20.06:085][  0]LogConfig: Setting CVar [[r.SSGI.Quality:3]]
[2022.04.26-17.20.06:085][  0]LogConfig: Setting CVar [[r.EmitterSpawnRateScale:1.0]]
[2022.04.26-17.20.06:085][  0]LogConfig: Setting CVar [[r.ParticleLightQuality:2]]
[2022.04.26-17.20.06:085][  0]LogConfig: Setting CVar [[r.SkyAtmosphere.AerialPerspectiveLUT.FastApplyOnOpaque:1 ; Always have FastSkyLUT 1 in this case to avoid wrong sky]]
[2022.04.26-17.20.06:085][  0]LogConfig: Setting CVar [[r.SkyAtmosphere.AerialPerspectiveLUT.SampleCountMaxPerSlice:4]]
[2022.04.26-17.20.06:085][  0]LogConfig: Setting CVar [[r.SkyAtmosphere.AerialPerspectiveLUT.DepthResolution:16.0]]
[2022.04.26-17.20.06:085][  0]LogConfig: Setting CVar [[r.SkyAtmosphere.FastSkyLUT:1]]
[2022.04.26-17.20.06:085][  0]LogConfig: Setting CVar [[r.SkyAtmosphere.FastSkyLUT.SampleCountMin:4.0]]
[2022.04.26-17.20.06:085][  0]LogConfig: Setting CVar [[r.SkyAtmosphere.FastSkyLUT.SampleCountMax:128.0]]
[2022.04.26-17.20.06:085][  0]LogConfig: Setting CVar [[r.SkyAtmosphere.SampleCountMin:4.0]]
[2022.04.26-17.20.06:085][  0]LogConfig: Setting CVar [[r.SkyAtmosphere.SampleCountMax:128.0]]
[2022.04.26-17.20.06:085][  0]LogConfig: Setting CVar [[r.SkyAtmosphere.TransmittanceLUT.UseSmallFormat:0]]
[2022.04.26-17.20.06:085][  0]LogConfig: Setting CVar [[r.SkyAtmosphere.TransmittanceLUT.SampleCount:10.0]]
[2022.04.26-17.20.06:085][  0]LogConfig: Setting CVar [[r.SkyAtmosphere.MultiScatteringLUT.SampleCount:15.0]]
[2022.04.26-17.20.06:085][  0]LogConfig: Setting CVar [[r.SkyLight.RealTimeReflectionCapture:1]]
[2022.04.26-17.20.06:085][  0]LogConfig: Applying CVar settings from Section [FoliageQuality@3] File [C:/Users/ambrizel/Documents/GitHub/CIS488_Alpha/Saved/Config/Windows/Scalability.ini]
[2022.04.26-17.20.06:085][  0]LogConfig: Setting CVar [[foliage.DensityScale:1.0]]
[2022.04.26-17.20.06:085][  0]LogConfig: Setting CVar [[grass.DensityScale:1.0]]
[2022.04.26-17.20.06:085][  0]LogConfig: Applying CVar settings from Section [ShadingQuality@3] File [C:/Users/ambrizel/Documents/GitHub/CIS488_Alpha/Saved/Config/Windows/Scalability.ini]
[2022.04.26-17.20.06:085][  0]LogConfig: Setting CVar [[r.HairStrands.SkyLighting.IntegrationType:2]]
[2022.04.26-17.20.06:085][  0]LogConfig: Setting CVar [[r.HairStrands.SkyAO.SampleCount:4]]
[2022.04.26-17.20.06:085][  0]LogConfig: Setting CVar [[r.HairStrands.Visibility.MSAA.SamplePerPixel:4]]
[2022.04.26-17.20.06:086][  0]LogInit: Selected Device Profile: [Windows]
[2022.04.26-17.20.06:086][  0]LogInit: Applying CVar settings loaded from the selected device profile: [Windows]
[2022.04.26-17.20.06:086][  0]LogHAL: Display: Platform has ~ 16 GB [16969175040 / 17179869184 / 16], which maps to Larger [LargestMinGB=32, LargerMinGB=12, DefaultMinGB=8, SmallerMinGB=6, SmallestMinGB=0)
[2022.04.26-17.20.06:086][  0]LogInit: Going up to parent DeviceProfile []
[2022.04.26-17.20.06:086][  0]LogConfig: Applying CVar settings from Section [ViewDistanceQuality@3] File [C:/Users/ambrizel/Documents/GitHub/CIS488_Alpha/Saved/Config/Windows/Scalability.ini]
[2022.04.26-17.20.06:086][  0]LogConfig: Setting CVar [[r.SkeletalMeshLODBias:0]]
[2022.04.26-17.20.06:086][  0]LogConfig: Setting CVar [[r.ViewDistanceScale:1.0]]
[2022.04.26-17.20.06:086][  0]LogConfig: Applying CVar settings from Section [AntiAliasingQuality@3] File [C:/Users/ambrizel/Documents/GitHub/CIS488_Alpha/Saved/Config/Windows/Scalability.ini]
[2022.04.26-17.20.06:086][  0]LogConfig: Setting CVar [[r.PostProcessAAQuality:4]]
[2022.04.26-17.20.06:086][  0]LogConfig: Applying CVar settings from Section [ShadowQuality@3] File [C:/Users/ambrizel/Documents/GitHub/CIS488_Alpha/Saved/Config/Windows/Scalability.ini]
[2022.04.26-17.20.06:086][  0]LogConfig: Setting CVar [[r.LightFunctionQuality:1]]
[2022.04.26-17.20.06:086][  0]LogConfig: Setting CVar [[r.ShadowQuality:5]]
[2022.04.26-17.20.06:086][  0]LogConfig: Setting CVar [[r.Shadow.CSM.MaxCascades:10]]
[2022.04.26-17.20.06:086][  0]LogConfig: Setting CVar [[r.Shadow.MaxResolution:2048]]
[2022.04.26-17.20.06:086][  0]LogConfig: Setting CVar [[r.Shadow.MaxCSMResolution:2048]]
[2022.04.26-17.20.06:086][  0]LogConfig: Setting CVar [[r.Shadow.RadiusThreshold:0.01]]
[2022.04.26-17.20.06:086][  0]LogConfig: Setting CVar [[r.Shadow.DistanceScale:1.0]]
[2022.04.26-17.20.06:086][  0]LogConfig: Setting CVar [[r.Shadow.CSM.TransitionScale:1.0]]
[2022.04.26-17.20.06:086][  0]LogConfig: Setting CVar [[r.Shadow.PreShadowResolutionFactor:1.0]]
[2022.04.26-17.20.06:086][  0]LogConfig: Setting CVar [[r.DistanceFieldShadowing:1]]
[2022.04.26-17.20.06:086][  0]LogConfig: Setting CVar [[r.DistanceFieldAO:1]]
[2022.04.26-17.20.06:086][  0]LogConfig: Setting CVar [[r.AOQuality:2]]
[2022.04.26-17.20.06:086][  0]LogConfig: Setting CVar [[r.VolumetricFog:1]]
[2022.04.26-17.20.06:086][  0]LogConfig: Setting CVar [[r.VolumetricFog.GridPixelSize:8]]
[2022.04.26-17.20.06:086][  0]LogConfig: Setting CVar [[r.VolumetricFog.GridSizeZ:128]]
[2022.04.26-17.20.06:086][  0]LogConfig: Setting CVar [[r.VolumetricFog.HistoryMissSupersampleCount:4]]
[2022.04.26-17.20.06:086][  0]LogConfig: Setting CVar [[r.LightMaxDrawDistanceScale:1]]
[2022.04.26-17.20.06:086][  0]LogConfig: Setting CVar [[r.CapsuleShadows:1]]
[2022.04.26-17.20.06:086][  0]LogConfig: Applying CVar settings from Section [PostProcessQuality@3] File [C:/Users/ambrizel/Documents/GitHub/CIS488_Alpha/Saved/Config/Windows/Scalability.ini]
[2022.04.26-17.20.06:086][  0]LogConfig: Setting CVar [[r.MotionBlurQuality:4]]
[2022.04.26-17.20.06:086][  0]LogConfig: Setting CVar [[r.AmbientOcclusionMipLevelFactor:0.4]]
[2022.04.26-17.20.06:086][  0]LogConfig: Setting CVar [[r.AmbientOcclusionMaxQuality:100]]
[2022.04.26-17.20.06:086][  0]LogConfig: Setting CVar [[r.AmbientOcclusionLevels:-1]]
[2022.04.26-17.20.06:086][  0]LogConfig: Setting CVar [[r.AmbientOcclusionRadiusScale:1.0]]
[2022.04.26-17.20.06:086][  0]LogConfig: Setting CVar [[r.DepthOfFieldQuality:2]]
[2022.04.26-17.20.06:086][  0]LogConfig: Setting CVar [[r.RenderTargetPoolMin:400]]
[2022.04.26-17.20.06:086][  0]LogConfig: Setting CVar [[r.LensFlareQuality:2]]
[2022.04.26-17.20.06:086][  0]LogConfig: Setting CVar [[r.SceneColorFringeQuality:1]]
[2022.04.26-17.20.06:086][  0]LogConfig: Setting CVar [[r.EyeAdaptationQuality:2]]
[2022.04.26-17.20.06:086][  0]LogConfig: Setting CVar [[r.BloomQuality:5]]
[2022.04.26-17.20.06:086][  0]LogConfig: Setting CVar [[r.FastBlurThreshold:100]]
[2022.04.26-17.20.06:086][  0]LogConfig: Setting CVar [[r.Upscale.Quality:3]]
[2022.04.26-17.20.06:086][  0]LogConfig: Setting CVar [[r.Tonemapper.GrainQuantization:1]]
[2022.04.26-17.20.06:086][  0]LogConfig: Setting CVar [[r.LightShaftQuality:1]]
[2022.04.26-17.20.06:086][  0]LogConfig: Setting CVar [[r.Filter.SizeScale:1]]
[2022.04.26-17.20.06:086][  0]LogConfig: Setting CVar [[r.Tonemapper.Quality:5]]
[2022.04.26-17.20.06:086][  0]LogConfig: Setting CVar [[r.DOF.Gather.AccumulatorQuality:1        ; higher gathering accumulator quality]]
[2022.04.26-17.20.06:086][  0]LogConfig: Setting CVar [[r.DOF.Gather.PostfilterMethod:1          ; Median3x3 postfilering method]]
[2022.04.26-17.20.06:086][  0]LogConfig: Setting CVar [[r.DOF.Gather.EnableBokehSettings:0       ; no bokeh simulation when gathering]]
[2022.04.26-17.20.06:086][  0]LogConfig: Setting CVar [[r.DOF.Gather.RingCount:4                 ; medium number of samples when gathering]]
[2022.04.26-17.20.06:086][  0]LogConfig: Setting CVar [[r.DOF.Scatter.ForegroundCompositing:1    ; additive foreground scattering]]
[2022.04.26-17.20.06:086][  0]LogConfig: Setting CVar [[r.DOF.Scatter.BackgroundCompositing:2    ; additive background scattering]]
[2022.04.26-17.20.06:086][  0]LogConfig: Setting CVar [[r.DOF.Scatter.EnableBokehSettings:1      ; bokeh simulation when scattering]]
[2022.04.26-17.20.06:086][  0]LogConfig: Setting CVar [[r.DOF.Scatter.MaxSpriteRatio:0.1         ; only a maximum of 10% of scattered bokeh]]
[2022.04.26-17.20.06:086][  0]LogConfig: Setting CVar [[r.DOF.Recombine.Quality:1                ; cheap slight out of focus]]
[2022.04.26-17.20.06:086][  0]LogConfig: Setting CVar [[r.DOF.Recombine.EnableBokehSettings:0    ; no bokeh simulation on slight out of focus]]
[2022.04.26-17.20.06:086][  0]LogConfig: Setting CVar [[r.DOF.TemporalAAQuality:1                ; more stable temporal accumulation]]
[2022.04.26-17.20.06:086][  0]LogConfig: Setting CVar [[r.DOF.Kernel.MaxForegroundRadius:0.025]]
[2022.04.26-17.20.06:086][  0]LogConfig: Setting CVar [[r.DOF.Kernel.MaxBackgroundRadius:0.025]]
[2022.04.26-17.20.06:086][  0]LogConfig: Applying CVar settings from Section [TextureQuality@3] File [C:/Users/ambrizel/Documents/GitHub/CIS488_Alpha/Saved/Config/Windows/Scalability.ini]
[2022.04.26-17.20.06:086][  0]LogConfig: Setting CVar [[r.Streaming.MipBias:0]]
[2022.04.26-17.20.06:086][  0]LogConfig: Setting CVar [[r.Streaming.AmortizeCPUToGPUCopy:0]]
[2022.04.26-17.20.06:086][  0]LogConfig: Setting CVar [[r.Streaming.MaxNumTexturesToStreamPerFrame:0]]
[2022.04.26-17.20.06:086][  0]LogConfig: Setting CVar [[r.Streaming.Boost:1]]
[2022.04.26-17.20.06:086][  0]LogConfig: Setting CVar [[r.MaxAnisotropy:8]]
[2022.04.26-17.20.06:086][  0]LogConfig: Setting CVar [[r.VT.MaxAnisotropy:8]]
[2022.04.26-17.20.06:086][  0]LogConfig: Setting CVar [[r.Streaming.LimitPoolSizeToVRAM:0]]
[2022.04.26-17.20.06:086][  0]LogConfig: Setting CVar [[r.Streaming.PoolSize:1000]]
[2022.04.26-17.20.06:086][  0]LogConfig: Setting CVar [[r.Streaming.MaxEffectiveScreenSize:0]]
[2022.04.26-17.20.06:086][  0]LogConfig: Applying CVar settings from Section [EffectsQuality@3] File [C:/Users/ambrizel/Documents/GitHub/CIS488_Alpha/Saved/Config/Windows/Scalability.ini]
[2022.04.26-17.20.06:086][  0]LogConfig: Setting CVar [[r.TranslucencyLightingVolumeDim:64]]
[2022.04.26-17.20.06:086][  0]LogConfig: Setting CVar [[r.RefractionQuality:2]]
[2022.04.26-17.20.06:086][  0]LogConfig: Setting CVar [[r.SSR.Quality:3]]
[2022.04.26-17.20.06:086][  0]LogConfig: Setting CVar [[r.SSR.HalfResSceneColor:0]]
[2022.04.26-17.20.06:086][  0]LogConfig: Setting CVar [[r.SceneColorFormat:4]]
[2022.04.26-17.20.06:086][  0]LogConfig: Setting CVar [[r.DetailMode:2]]
[2022.04.26-17.20.06:086][  0]LogConfig: Setting CVar [[r.TranslucencyVolumeBlur:1]]
[2022.04.26-17.20.06:086][  0]LogConfig: Setting CVar [[r.MaterialQualityLevel:1 ; High quality]]
[2022.04.26-17.20.06:086][  0]LogConfig: Setting CVar [[r.AnisotropicMaterials:1]]
[2022.04.26-17.20.06:086][  0]LogConfig: Setting CVar [[r.SSS.Scale:1]]
[2022.04.26-17.20.06:086][  0]LogConfig: Setting CVar [[r.SSS.SampleSet:2]]
[2022.04.26-17.20.06:086][  0]LogConfig: Setting CVar [[r.SSS.Quality:1]]
[2022.04.26-17.20.06:086][  0]LogConfig: Setting CVar [[r.SSS.HalfRes:0]]
[2022.04.26-17.20.06:086][  0]LogConfig: Setting CVar [[r.SSGI.Quality:3]]
[2022.04.26-17.20.06:086][  0]LogConfig: Setting CVar [[r.EmitterSpawnRateScale:1.0]]
[2022.04.26-17.20.06:086][  0]LogConfig: Setting CVar [[r.ParticleLightQuality:2]]
[2022.04.26-17.20.06:086][  0]LogConfig: Setting CVar [[r.SkyAtmosphere.AerialPerspectiveLUT.FastApplyOnOpaque:1 ; Always have FastSkyLUT 1 in this case to avoid wrong sky]]
[2022.04.26-17.20.06:086][  0]LogConfig: Setting CVar [[r.SkyAtmosphere.AerialPerspectiveLUT.SampleCountMaxPerSlice:4]]
[2022.04.26-17.20.06:086][  0]LogConfig: Setting CVar [[r.SkyAtmosphere.AerialPerspectiveLUT.DepthResolution:16.0]]
[2022.04.26-17.20.06:086][  0]LogConfig: Setting CVar [[r.SkyAtmosphere.FastSkyLUT:1]]
[2022.04.26-17.20.06:086][  0]LogConfig: Setting CVar [[r.SkyAtmosphere.FastSkyLUT.SampleCountMin:4.0]]
[2022.04.26-17.20.06:086][  0]LogConfig: Setting CVar [[r.SkyAtmosphere.FastSkyLUT.SampleCountMax:128.0]]
[2022.04.26-17.20.06:086][  0]LogConfig: Setting CVar [[r.SkyAtmosphere.SampleCountMin:4.0]]
[2022.04.26-17.20.06:086][  0]LogConfig: Setting CVar [[r.SkyAtmosphere.SampleCountMax:128.0]]
[2022.04.26-17.20.06:086][  0]LogConfig: Setting CVar [[r.SkyAtmosphere.TransmittanceLUT.UseSmallFormat:0]]
[2022.04.26-17.20.06:086][  0]LogConfig: Setting CVar [[r.SkyAtmosphere.TransmittanceLUT.SampleCount:10.0]]
[2022.04.26-17.20.06:086][  0]LogConfig: Setting CVar [[r.SkyAtmosphere.MultiScatteringLUT.SampleCount:15.0]]
[2022.04.26-17.20.06:086][  0]LogConfig: Setting CVar [[r.SkyLight.RealTimeReflectionCapture:1]]
[2022.04.26-17.20.06:086][  0]LogConfig: Applying CVar settings from Section [FoliageQuality@3] File [C:/Users/ambrizel/Documents/GitHub/CIS488_Alpha/Saved/Config/Windows/Scalability.ini]
[2022.04.26-17.20.06:086][  0]LogConfig: Setting CVar [[foliage.DensityScale:1.0]]
[2022.04.26-17.20.06:086][  0]LogConfig: Setting CVar [[grass.DensityScale:1.0]]
[2022.04.26-17.20.06:086][  0]LogConfig: Applying CVar settings from Section [ShadingQuality@3] File [C:/Users/ambrizel/Documents/GitHub/CIS488_Alpha/Saved/Config/Windows/Scalability.ini]
[2022.04.26-17.20.06:086][  0]LogConfig: Setting CVar [[r.HairStrands.SkyLighting.IntegrationType:2]]
[2022.04.26-17.20.06:086][  0]LogConfig: Setting CVar [[r.HairStrands.SkyAO.SampleCount:4]]
[2022.04.26-17.20.06:086][  0]LogConfig: Setting CVar [[r.HairStrands.Visibility.MSAA.SamplePerPixel:4]]
[2022.04.26-17.20.06:086][  0]LogConfig: Applying CVar settings from Section [Startup] File [../../../Engine/Config/ConsoleVariables.ini]
[2022.04.26-17.20.06:087][  0]LogConfig: Setting CVar [[net.UseAdaptiveNetUpdateFrequency:0]]
[2022.04.26-17.20.06:087][  0]LogConfig: Setting CVar [[p.chaos.AllowCreatePhysxBodies:1]]
[2022.04.26-17.20.06:087][  0]LogConfig: Setting CVar [[fx.SkipVectorVMBackendOptimizations:1]]
[2022.04.26-17.20.06:087][  0]LogConfig: Applying CVar settings from Section [ConsoleVariables] File [C:/Users/ambrizel/Documents/GitHub/CIS488_Alpha/Saved/Config/Windows/Engine.ini]
[2022.04.26-17.20.06:087][  0]LogConfig: Applying CVar settings from Section [ConsoleVariables] File [C:/Users/ambrizel/Documents/GitHub/CIS488_Alpha/Saved/Config/Windows/Editor.ini]
[2022.04.26-17.20.06:087][  0]LogInit: Computer: UMD-001964
[2022.04.26-17.20.06:087][  0]LogInit: User: ambrizel
[2022.04.26-17.20.06:087][  0]LogInit: CPU Page size=4096, Cores=10
[2022.04.26-17.20.06:087][  0]LogInit: High frequency timer resolution =10.000000 MHz
[2022.04.26-17.20.06:087][  0]LogMemory: Memory total: Physical=15.8GB (16GB approx)
[2022.04.26-17.20.06:087][  0]LogMemory: Platform Memory Stats for Windows
[2022.04.26-17.20.06:087][  0]LogMemory: Process Physical Memory: 149.45 MB used, 149.45 MB peak
[2022.04.26-17.20.06:087][  0]LogMemory: Process Virtual Memory: 134.74 MB used, 134.74 MB peak
[2022.04.26-17.20.06:087][  0]LogMemory: Physical Memory: 7636.24 MB used,  8546.82 MB free, 16183.07 MB total
[2022.04.26-17.20.06:087][  0]LogMemory: Virtual Memory: 134213504.00 MB used,  4221.10 MB free, 134217728.00 MB total
[2022.04.26-17.20.06:091][  0]LogWindows: WindowsPlatformFeatures enabled
[2022.04.26-17.20.06:112][  0]LogInit: Physics initialised using underlying interface: PhysX
[2022.04.26-17.20.06:112][  0]LogInit: Using OS detected language (en-US).
[2022.04.26-17.20.06:112][  0]LogInit: Using OS detected locale (en-US).
[2022.04.26-17.20.06:118][  0]LogTextLocalizationManager: No specific localization for 'en-US' exists, so the 'en' localization will be used.
[2022.04.26-17.20.06:266][  0]LogWindowsTextInputMethodSystem: Display: IME system deactivated.
[2022.04.26-17.20.06:311][  0]LogSlate: New Slate User Created.  User Index 0, Is Virtual User: 0
[2022.04.26-17.20.06:311][  0]LogSlate: Slate User Registered.  User Index 0, Is Virtual User: 0
[2022.04.26-17.20.06:350][  0]LogD3D11RHI: Loaded GFSDK_Aftermath_Lib.x64.dll
[2022.04.26-17.20.06:353][  0]LogHMD: Failed to initialize OpenVR with code 110
[2022.04.26-17.20.06:353][  0]LogD3D11RHI: D3D11 min allowed feature level: 11_0
[2022.04.26-17.20.06:353][  0]LogD3D11RHI: D3D11 max allowed feature level: 11_0
[2022.04.26-17.20.06:353][  0]LogD3D11RHI: D3D11 adapters:
[2022.04.26-17.20.06:415][  0]LogD3D11RHI:    0. 'NVIDIA GeForce RTX 2080 Ti' (Feature Level 11_0)
[2022.04.26-17.20.06:415][  0]LogD3D11RHI:       11049/0/8091 MB DedicatedVideo/DedicatedSystem/SharedSystem, Outputs:2, VendorId:0x10de
[2022.04.26-17.20.06:417][  0]LogD3D11RHI:    1. 'Microsoft Basic Render Driver' (Feature Level 11_0)
[2022.04.26-17.20.06:417][  0]LogD3D11RHI:       0/0/8091 MB DedicatedVideo/DedicatedSystem/SharedSystem, Outputs:0, VendorId:0x1414
[2022.04.26-17.20.06:417][  0]LogD3D11RHI: Chosen D3D11 Adapter:
[2022.04.26-17.20.06:417][  0]LogD3D11RHI:     Description : NVIDIA GeForce RTX 2080 Ti
[2022.04.26-17.20.06:417][  0]LogD3D11RHI:     VendorId    : 10de
[2022.04.26-17.20.06:417][  0]LogD3D11RHI:     DeviceId    : 1e07
[2022.04.26-17.20.06:417][  0]LogD3D11RHI:     SubSysId    : 37181028
[2022.04.26-17.20.06:417][  0]LogD3D11RHI:     Revision    : 00a1
[2022.04.26-17.20.06:417][  0]LogD3D11RHI:     DedicatedVideoMemory : 11585716224 bytes
[2022.04.26-17.20.06:417][  0]LogD3D11RHI:     DedicatedSystemMemory : 0 bytes
[2022.04.26-17.20.06:417][  0]LogD3D11RHI:     SharedSystemMemory : 8484587520 bytes
[2022.04.26-17.20.06:417][  0]LogD3D11RHI:     AdapterLuid : 0 158552
[2022.04.26-17.20.06:421][  0]LogD3D11RHI: Creating new Direct3DDevice
[2022.04.26-17.20.06:421][  0]LogD3D11RHI:     GPU DeviceId: 0x1e07 (for the marketing name, search the web for "GPU Device Id")
[2022.04.26-17.20.06:421][  0]LogWindows: EnumDisplayDevices:
[2022.04.26-17.20.06:421][  0]LogWindows:    0. 'NVIDIA GeForce RTX 2080 Ti' (P:0 D:1)
[2022.04.26-17.20.06:422][  0]LogWindows:    1. 'NVIDIA GeForce RTX 2080 Ti' (P:0 D:0)
[2022.04.26-17.20.06:422][  0]LogWindows:    2. 'NVIDIA GeForce RTX 2080 Ti' (P:1 D:1)
[2022.04.26-17.20.06:422][  0]LogWindows:    3. 'NVIDIA GeForce RTX 2080 Ti' (P:0 D:0)
[2022.04.26-17.20.06:422][  0]LogWindows: DebugString: FoundDriverCount:4 
[2022.04.26-17.20.06:422][  0]LogD3D11RHI:     Adapter Name: NVIDIA GeForce RTX 2080 Ti
[2022.04.26-17.20.06:422][  0]LogD3D11RHI:   Driver Version: 456.38 (internal:27.21.14.5638, unified:456.38)
[2022.04.26-17.20.06:422][  0]LogD3D11RHI:      Driver Date: 9-14-2020
[2022.04.26-17.20.06:422][  0]LogRHI: Texture pool is 7734 MB (70% of 11049 MB)
[2022.04.26-17.20.06:422][  0]LogD3D11RHI: Creating D3DDevice using adapter:
[2022.04.26-17.20.06:422][  0]LogD3D11RHI:     Description : NVIDIA GeForce RTX 2080 Ti
[2022.04.26-17.20.06:422][  0]LogD3D11RHI:     VendorId    : 10de
[2022.04.26-17.20.06:423][  0]LogD3D11RHI:     DeviceId    : 1e07
[2022.04.26-17.20.06:423][  0]LogD3D11RHI:     SubSysId    : 37181028
[2022.04.26-17.20.06:423][  0]LogD3D11RHI:     Revision    : 00a1
[2022.04.26-17.20.06:423][  0]LogD3D11RHI:     DedicatedVideoMemory : 11585716224 bytes
[2022.04.26-17.20.06:423][  0]LogD3D11RHI:     DedicatedSystemMemory : 0 bytes
[2022.04.26-17.20.06:423][  0]LogD3D11RHI:     SharedSystemMemory : 8484587520 bytes
[2022.04.26-17.20.06:423][  0]LogD3D11RHI:     AdapterLuid : 0 158552
[2022.04.26-17.20.06:467][  0]LogD3D11RHI: RHI has support for 64 bit atomics
[2022.04.26-17.20.06:468][  0]LogD3D11RHI: Async texture creation enabled
[2022.04.26-17.20.06:468][  0]LogD3D11RHI: Array index from any shader is supported
[2022.04.26-17.20.06:486][  0]LogD3D11RHI: GPU Timing Frequency: 1000.000000 (Debug: 2 2)
[2022.04.26-17.20.06:526][  0]LogRHI: GeForceNow SDK initialized: 1
[2022.04.26-17.20.06:769][  0]LogTargetPlatformManager: Display: Loaded TargetPlatform 'WindowsNoEditor'
[2022.04.26-17.20.06:772][  0]LogTargetPlatformManager: Display: Loaded TargetPlatform 'Windows'
[2022.04.26-17.20.06:775][  0]LogTargetPlatformManager: Display: Loaded TargetPlatform 'WindowsClient'
[2022.04.26-17.20.06:779][  0]LogTargetPlatformManager: Display: Loaded TargetPlatform 'WindowsServer'
[2022.04.26-17.20.06:779][  0]LogTargetPlatformManager: Display: Building Assets For Windows
[2022.04.26-17.20.06:786][  0]LogAudioDebug: Display: Lib vorbis DLL was dynamically loaded.
[2022.04.26-17.20.06:812][  0]LogTextureFormatOodle: Display: Oodle Texture 2.9.0 init RDO Off
[2022.04.26-17.20.06:838][  0]LogRendererCore: Ray tracing is disabled. Reason: r.RayTracing=0.
[2022.04.26-17.20.06:838][  0]LogShaderCompilers: Guid format shader working directory is -9 characters bigger than the processId version (../../../../../Users/ambrizel/Documents/GitHub/CIS488_Alpha/Intermediate/Shaders/WorkingDirectory/11932/).
[2022.04.26-17.20.06:838][  0]LogShaderCompilers: Cleaned the shader compiler working directory 'C:/Users/ambrizel/AppData/Local/Temp/1/UnrealShaderWorkingDir/70B901C847CE54223D3299B56754A309/'.
[2022.04.26-17.20.06:839][  0]LogXGEController: Cannot use XGE Controller as Incredibuild is not installed on this machine.
[2022.04.26-17.20.06:839][  0]LogShaderCompilers: Cannot use XGE Shader Compiler as Incredibuild is not installed on this machine.
[2022.04.26-17.20.06:839][  0]LogShaderCompilers: Display: Using Local Shader Compiler.
[2022.04.26-17.20.07:445][  0]LogDerivedDataCache: Display: Max Cache Size: 512 MB
[2022.04.26-17.20.07:499][  0]LogDerivedDataCache: Loaded boot cache 0.05s 94MB C:/Users/ambrizel/AppData/Local/UnrealEngine/4.27/DerivedDataCache/Boot.ddc.
[2022.04.26-17.20.07:499][  0]LogDerivedDataCache: Display: Loaded Boot cache: C:/Users/ambrizel/AppData/Local/UnrealEngine/4.27/DerivedDataCache/Boot.ddc
[2022.04.26-17.20.07:500][  0]LogDerivedDataCache: FDerivedDataBackendGraph:  Pak pak cache file ../../../../../Users/ambrizel/Documents/GitHub/CIS488_Alpha/DerivedDataCache/DDC.ddp not found, will not use a pak cache.
[2022.04.26-17.20.07:500][  0]LogDerivedDataCache: Unable to find inner node Pak for hierarchical cache Hierarchy.
[2022.04.26-17.20.07:500][  0]LogDerivedDataCache: FDerivedDataBackendGraph:  CompressedPak pak cache file ../../../../../Users/ambrizel/Documents/GitHub/CIS488_Alpha/DerivedDataCache/Compressed.ddp not found, will not use a pak cache.
[2022.04.26-17.20.07:500][  0]LogDerivedDataCache: Unable to find inner node CompressedPak for hierarchical cache Hierarchy.
[2022.04.26-17.20.07:513][  0]LogDerivedDataCache: Display: Pak cache opened for reading ../../../Engine/DerivedDataCache/Compressed.ddp.
[2022.04.26-17.20.07:513][  0]LogDerivedDataCache: FDerivedDataBackendGraph:  EnterprisePak pak cache file ../../../Enterprise/DerivedDataCache/Compressed.ddp not found, will not use a pak cache.
[2022.04.26-17.20.07:513][  0]LogDerivedDataCache: Unable to find inner node EnterprisePak for hierarchical cache Hierarchy.
[2022.04.26-17.20.07:523][  0]LogDerivedDataCache: Speed tests for C:/Users/ambrizel/AppData/Local/UnrealEngine/Common/DerivedDataCache took 0.01 seconds
[2022.04.26-17.20.07:523][  0]LogDerivedDataCache: Display: Performance to C:/Users/ambrizel/AppData/Local/UnrealEngine/Common/DerivedDataCache: Latency=0.02ms. RandomReadSpeed=997.30MBs, RandomWriteSpeed=106.96MBs. Assigned SpeedClass 'Local'
[2022.04.26-17.20.07:523][  0]LogDerivedDataCache: Using Local data cache path C:/Users/ambrizel/AppData/Local/UnrealEngine/Common/DerivedDataCache: Writable
[2022.04.26-17.20.07:523][  0]LogDerivedDataCache: Shared data cache path not found in *engine.ini, will not use an Shared cache.
[2022.04.26-17.20.07:523][  0]LogDerivedDataCache: Unable to find inner node Shared for hierarchical cache Hierarchy.
[2022.04.26-17.20.07:551][  0]LogSlate: Using FreeType 2.10.0
[2022.04.26-17.20.07:551][  0]LogSlate: SlateFontServices - WITH_FREETYPE: 1, WITH_HARFBUZZ: 1
[2022.04.26-17.20.07:610][  0]LogInit: Using OS detected language (en-US).
[2022.04.26-17.20.07:610][  0]LogInit: Using OS detected locale (en-US).
[2022.04.26-17.20.07:610][  0]LogTextLocalizationManager: No localization for 'en-US' exists, so 'en' will be used for the language.
[2022.04.26-17.20.07:610][  0]LogTextLocalizationManager: No localization for 'en-US' exists, so 'en' will be used for the locale.
[2022.04.26-17.20.07:610][  0]LogSlate: FontCache flush requested. Reason: Culture for localization was changed
[2022.04.26-17.20.07:610][  0]LogSlate: FontCache flush requested. Reason: Culture for localization was changed
[2022.04.26-17.20.07:613][  0]LogTextLocalizationManager: Compacting localization data took   0.02ms
[2022.04.26-17.20.07:613][  0]LogAssetRegistry: FAssetRegistry took 0.0020 seconds to start up
[2022.04.26-17.20.07:734][  0]LogPackageLocalizationCache: Processed 33 localized package path(s) for 1 prioritized culture(s) in 0.000967 seconds
[2022.04.26-17.20.07:787][  0]LogInit: Selected Device Profile: [Windows]
[2022.04.26-17.20.07:787][  0]LogInit: Active device profile: [000002260BBAF200][0000022603DDCA40 49] Windows
[2022.04.26-17.20.07:787][  0]LogInit: Profiles: [000002260BBAF200][0000022603DDCA40 49] Windows, [000002260BB71000][0000022603D6EBC0 49] WindowsNoEditor, [000002260BBAD000][0000022603D72D40 49] WindowsServer, [000002260BB72700][0000022603D76EC0 49] WindowsClient, [000002260BBAE700][0000022603D7B040 49] IOS, [000002260BB73A00][00000226040971C0 49] iPadAir, [000002260BBAED00][000002260409B340 49] iPadAir2, [000002260BB0EC00][0000022603DE15C0 49] IPadPro, [000002260BB0ED00][000002260409F600 49] iPadAir3, [000002260BBAC300][00000226040A3740 49] iPadAir4, [000002260BB0F600][00000226040A7880 49] iPadMini2, [000002260BBAC100][00000226040AFA00 49] iPadMini3, [000002260BB0CB00][00000226040B3B80 49] iPadMini4, [000002260BBACB00][00000226040B6180 49] iPadMini5, [000002260BB66500][00000226040BE440 49] iPhone6, [000002260BB66600][00000226040BA480 49] iPodTouch6, [000002260BB0D400][00000226040C6740 49] iPhone7, [000002260BB0E500][00000226040C2780 49] iPodTouch7, [000002260BB66C00][00000226040CA900 49] iPhone5S, [000002260BB0E100][00000226040CEA80 49] iPhone6Plus, [000002260BB64B00][00000226040D2C00 49] iPhone6S, [000002260BB0DC00][00000226040D6D80 49] iPhone6SPlus, [000002260BB67600][00000226040DAF00 49] iPhone7Plus, [000002260BB0C700][00000226040DF080 49] iPhoneSE, [000002260BB64500][0000022600F41200 49] iPhone8, [000002260BB0FD00][0000022600F45380 49] iPhone8Plus, [000002260BB64900][0000022600F49500 49] iPhoneX, [000002260BB0E400][0000022600F4D680 49] iPhoneXS, [000002260BB64700][00000226040AB7C0 49] iPhoneXSMax, [000002260BB0E300][0000022600F51900 49] iPhoneXR, [000002260BB66100][0000022600F55A40 49] iPhone11, [000002260BB0DB00][0000022600F5DBC0 49] iPhone11Pro, [000002260BB65E00][0000022600F601C0 49] iPhone11ProMax, [000002260BB0E000][0000022600F64340 49] iPhoneSE2, [000002260BB64300][0000022600F684C0 49] iPhone12Mini, [000002260BB0EE00][0000022600F6C640 49] iPhone12, [000002260BB65200][0000022600F707C0 49] iPhone12Pro, [000002260BB0F500][0000022600F74940 49] iPhone12ProMax, [000002260BB65B00][0000022600F78AC0 49] iPadPro105, [000002260BB0D800][0000022600F7CC40 49] iPadPro129, [000002260BB66F00][0000022600F80DC0 49] iPadPro97, [000002260BB0D600][0000022600F84F40 49] iPadPro2_129, [000002260BB67A00][0000022600F890C0 49] iPad5, [000002260BB0F900][0000022600F8D240 49] iPad6, [000002260BB67C00][0000022600F913C0 49] iPad7, [000002260BB0E600][0000022600F95540 49] iPad8, [000002260BB65C00][0000022600F996C0 49] iPadPro11, [000002260BB0FA00][0000022600F9D840 49] iPadPro2_11, [000002260BB64800][0000022600F59980 49] iPadPro3_129, [000002260BB0E700][0000022600FA1AC0 49] iPadPro4_129, [000002260BB73200][0000022600FA5C00 49] AppleTV, [000002260BBF9500][0000022600FA81C0 49] AppleTV4K, [000002260BB72300][0000022600FB0340 49] TVOS, [000002260BBF8200][0000022600FB44C0 49] Mac, [000002260BB73400][0000022600FB8640 49] MacClient, [000002260BBF9F00][0000022600FBC7C0 49] MacNoEditor, [000002260BB73B00][0000022600FC0940 49] MacServer, [000002260BBF8100][0000022600FC4AC0 49] Linux, [000002260BB70200][0000022600FC8C40 49] LinuxAArch64, [000002260BBFA400][0000022600FCCDC0 49] LinuxNoEditor, [000002260BB70700][0000022600FD0F40 49] LinuxAArch64NoEditor, [000002260BBFA000][0000022600FD50C0 49] LinuxClient, [000002260BB73800][0000022600FD9240 49] LinuxAArch64Client, [000002260BBF8600][0000022600FDD3C0 49] LinuxServer, [000002260BB72D00][0000022600FE1540 49] LinuxAArch64Server, [000002260BBF8B00][0000022600FE56C0 49] Android, [000002260BB73600][0000022600FE9840 49] Android_Low, [000002260BBFA700][0000022600FED9C0 49] Android_Mid, [000002260BB70400][0000022600FADB00 49] Android_High, [000002260BBFA100][0000022600FF00C0 49] Android_Default, [000002260BB71B00][0000022600FF4200 49] Android_Adreno4xx, [000002260BBF9700][0000022600FF8340 49] Android_Adreno5xx_Low, [000002260BB0C500][00000226010004C0 49] Android_Adreno5xx, [000002260BB65A00][0000022601004640 49] Android_Adreno6xx, [000002260BB0C100][00000226010087C0 49] Android_Adreno6xx_Vulkan, [000002260BB67B00][000002260100C940 49] Android_Mali_T6xx, [000002260BB0CA00][0000022601010AC0 49] Android_Mali_T7xx, [000002260BB64400][0000022601014C40 49] Android_Mali_T8xx, [000002260BB0D500][0000022601018DC0 49] Android_Mali_G71, [000002260BBF9000][000002260101CF40 49] Android_Mali_G72, [000002260BB0DE00][00000226010210C0 49] Android_Mali_G72_Vulkan, [000002260BBF9E00][0000022601025240 49] Android_Mali_G76, [000002260BB0FB00][00000226010293C0 49] Android_Mali_G76_Vulkan, [000002260BBFA500][000002260102D540 49] Android_Mali_G77, [000002260BB0CC00][00000226008216C0 49] Android_Mali_G77_Vulkan, [000002260BBF9D00][0000022600825840 49] Android_Mali_G78, [000002260BB0F300][00000226008299C0 49] Android_Mali_G78_Vulkan, [000002260BBF8800][000002260082DB40 49] Android_Mali_G710, [000002260BB0D300][0000022600830140 49] Android_Mali_G710_Vulkan, [000002260BBFA200][0000022600FFC280 49] Android_Vulkan_SM5, [000002260BB0D200][00000226008343C0 49] Android_PowerVR_G6xxx, [000002260BBFA900][0000022600838500 49] Android_PowerVR_GT7xxx, [000002260BB0D700][0000022600840680 49] Android_PowerVR_GE8xxx, [000002260BBF9300][0000022600844800 49] Android_PowerVR_GM9xxx, [000002260BB0FF00][0000022600848980 49] Android_PowerVR_GM9xxx_Vulkan, [000002260BB67500][000002260084CB00 49] Android_TegraK1, [000002260BB0C200][0000022600850C80 49] Android_Unknown_Vulkan, [000002260BB65800][0000022600854E00 49] Lumin, [000002260BB0DD00][0000022600858F80 49] Lumin_Desktop, [000002260BB67400][000002260085D100 49] HoloLens, 
[2022.04.26-17.20.07:821][  0]LogMeshReduction: Using QuadricMeshReduction for automatic static mesh reduction
[2022.04.26-17.20.07:821][  0]LogMeshReduction: Using SimplygonMeshReduction for automatic skeletal mesh reduction
[2022.04.26-17.20.07:821][  0]LogMeshReduction: Using ProxyLODMeshReduction for automatic mesh merging
[2022.04.26-17.20.07:821][  0]LogMeshReduction: No distributed automatic mesh merging module available
[2022.04.26-17.20.07:821][  0]LogMeshMerging: No distributed automatic mesh merging module available
[2022.04.26-17.20.07:926][  0]LogNetVersion: CIS488_Alpha 1.0.0, NetCL: 17155196, EngineNetVer: 17, GameNetVer: 0 (Checksum: 2901111279)
[2022.04.26-17.20.08:097][  0]LogTexture: Default maximum texture size for cubemaps generated from long-lat sources has been changed from 512 to unlimited. In order to preserve old behaiour for '/Engine/MapTemplates/Sky/DaylightAmbientCubemap.DaylightAmbientCubemap', its maximum texture size has been explicitly set to 512.
[2022.04.26-17.20.08:141][  0]LogHMD: PokeAHoleMaterial loaded successfully
[2022.04.26-17.20.08:237][  0]LogMoviePlayer: Initializing movie player
[2022.04.26-17.20.08:344][  0]LogNiagaraDebuggerClient: Niagara Debugger Client Initialized | Session: A68D678D4FD41D947B84389EDE4A88BF | Instance: 5117236A4B37B95CE96C72A43B59E517 (UMD-001964-11932).
[2022.04.26-17.20.08:361][  0]LogCollectionManager: Loaded 1 collections in 0.001172 seconds
[2022.04.26-17.20.08:363][  0]LogFileCache: Scanning file cache for directory 'C:/Users/ambrizel/Documents/GitHub/CIS488_Alpha/Saved/Collections/' took 0.00s
[2022.04.26-17.20.08:363][  0]LogFileCache: Scanning file cache for directory 'C:/Users/ambrizel/Documents/GitHub/CIS488_Alpha/Content/Developers/ambrizel/Collections/' took 0.00s
[2022.04.26-17.20.08:363][  0]LogFileCache: Scanning file cache for directory 'C:/Users/ambrizel/Documents/GitHub/CIS488_Alpha/Content/Collections/' took 0.00s
[2022.04.26-17.20.08:363][  0]LogCollectionManager: Fixed up redirectors for 1 collections in 0.000015 seconds (updated 0 objects)
[2022.04.26-17.20.08:377][  0]LogPython: Using Python 3.7.7
[2022.04.26-17.20.08:786][  0]LogTcpMessaging: Initializing TcpMessaging bridge
[2022.04.26-17.20.08:789][  0]LogUdpMessaging: Initializing bridge on interface 0.0.0.0:0 to multicast group 230.0.0.1:6666.
[2022.04.26-17.20.08:864][  0]SourceControl: Source control is disabled
[2022.04.26-17.20.08:864][  0]SourceControl: Source control is disabled
[2022.04.26-17.20.08:866][  0]SourceControl: Source control is disabled
[2022.04.26-17.20.08:873][  0]LogUProjectInfo: Found projects:
[2022.04.26-17.20.08:935][  0]LogOpenImageDenoise: OIDN starting up
[2022.04.26-17.20.08:967][  0]LogAndroidPermission: UAndroidPermissionCallbackProxy::GetInstance
[2022.04.26-17.20.08:980][  0]LogAudioCaptureCore: Display: No Audio Capture implementations found. Audio input will be silent.
[2022.04.26-17.20.08:980][  0]LogAudioCaptureCore: Display: No Audio Capture implementations found. Audio input will be silent.
[2022.04.26-17.20.08:986][  0]LogAudioModulation: Starting Audio Modulation Module
[2022.04.26-17.20.09:046][  0]LogOcInput: OculusInput pre-init called
[2022.04.26-17.20.09:053][  0]LogUObjectArray: 22448 objects as part of root set at end of initial load.
[2022.04.26-17.20.09:053][  0]LogUObjectAllocator: 6075856 out of 0 bytes used by permanent object pool.
[2022.04.26-17.20.09:053][  0]LogUObjectArray: CloseDisregardForGC: 0/0 objects in disregard for GC pool
[2022.04.26-17.20.09:090][  0]LogClass: Display: EnumProperty FSoundModulationLFOParams::Shape is not initialized properly. Module:AudioModulation File:Public/Generators/SoundModulationLFO.h
[2022.04.26-17.20.09:091][  0]LogClass: Display: 1 Uninitialized script struct members found including 0 object properties
[2022.04.26-17.20.09:091][  0]LogEngine: Initializing Engine...
[2022.04.26-17.20.09:093][  0]LogHMD: Failed to enumerate extensions. Please check that you have a valid OpenXR runtime installed.
[2022.04.26-17.20.09:093][  0]LogHMD: Failed to initialize OpenVR with code 110
[2022.04.26-17.20.09:093][  0]LogMagicLeap: Warning: VR disabled because ZI is not enabled.  To enable, in the editor, Edit -> Project Settings -> Plugins -> Magic Leap Plugin -> Enable Zero Iteration
[2022.04.26-17.20.09:095][  0]LogStats: UGameplayTagsManager::InitializeManager -  0.000 s
[2022.04.26-17.20.09:180][  0]LogInit: Initializing FReadOnlyCVARCache
[2022.04.26-17.20.09:180][  0]LogAudio: Display: Initializing Audio Device Manager...
[2022.04.26-17.20.09:184][  0]LogAudio: Display: Loading Default Audio Settings Objects...
[2022.04.26-17.20.09:184][  0]LogAudio: Display: No default SoundConcurrencyObject specified (or failed to load).
[2022.04.26-17.20.09:185][  0]LogAudio: Display: Audio Device Manager Initialized
[2022.04.26-17.20.09:185][  0]LogAudio: Display: Creating Audio Device:                 Id: 1, Scope: Shared, Realtime: True
[2022.04.26-17.20.09:185][  0]LogAudioMixer: Display: Audio Mixer Platform Settings:
[2022.04.26-17.20.09:185][  0]LogAudioMixer: Display: 	Sample Rate:						  48000
[2022.04.26-17.20.09:185][  0]LogAudioMixer: Display: 	Callback Buffer Frame Size Requested: 1024
[2022.04.26-17.20.09:185][  0]LogAudioMixer: Display: 	Callback Buffer Frame Size To Use:	  1024
[2022.04.26-17.20.09:185][  0]LogAudioMixer: Display: 	Number of buffers to queue:			  2
[2022.04.26-17.20.09:185][  0]LogAudioMixer: Display: 	Max Channels (voices):				  32
[2022.04.26-17.20.09:185][  0]LogAudioMixer: Display: 	Number of Async Source Workers:		  0
[2022.04.26-17.20.09:185][  0]LogAudio: Display: AudioDevice MaxSources: 32
[2022.04.26-17.20.09:185][  0]LogAudio: Display: Audio Spatialization Plugin: None (built-in).
[2022.04.26-17.20.09:185][  0]LogAudio: Display: Audio Reverb Plugin: None (built-in).
[2022.04.26-17.20.09:185][  0]LogAudio: Display: Audio Occlusion Plugin: None (built-in).
[2022.04.26-17.20.09:188][  0]LogAudio: Display: Audio Modulation Plugin: DefaultModulationPlugin
[2022.04.26-17.20.09:188][  0]LogAudioMixer: Display: Initializing audio mixer.
[2022.04.26-17.20.09:198][  0]LogAudioMixer: Display: 0: FrontLeft
[2022.04.26-17.20.09:198][  0]LogAudioMixer: Display: 1: FrontRight
[2022.04.26-17.20.09:229][  0]LogAudioMixer: Display: Using Audio Device Headphones (Realtek(R) Audio)
[2022.04.26-17.20.09:234][  0]LogAudioMixer: Display: Initializing Sound Submixes...
[2022.04.26-17.20.09:235][  0]LogAudioMixer: Display: Creating Master Submix 'MasterSubmixDefault'
[2022.04.26-17.20.09:235][  0]LogAudioMixer: Display: Creating Master Submix 'MasterReverbSubmixDefault'
[2022.04.26-17.20.09:236][  0]LogAudioMixer: Display: Creating Master Submix 'MasterEQSubmixDefault'
[2022.04.26-17.20.09:236][  0]LogAudioMixer: FMixerPlatformXAudio2::StartAudioStream() called
[2022.04.26-17.20.09:236][  0]LogAudioMixer: Display: Output buffers initialized: Frames=1024, Channels=2, Samples=2048
[2022.04.26-17.20.09:237][  0]LogAudioMixer: Display: Starting AudioMixerPlatformInterface::RunInternal()
[2022.04.26-17.20.09:237][  0]LogAudioMixer: Display: FMixerPlatformXAudio2::SubmitBuffer() called for the first time
[2022.04.26-17.20.09:237][  0]LogInit: FAudioDevice initialized.
[2022.04.26-17.20.09:238][  0]LogNetVersion: Set ProjectVersion to 1.0.0.0. Version Checksum will be recalculated on next use.
[2022.04.26-17.20.09:238][  0]LogInit: Texture streaming: Enabled
[2022.04.26-17.20.10:456][  0]LogAudio: Display: Audio Device (ID: 1) registered with world 'Untitled'.
[2022.04.26-17.20.10:456][  0]LogSlate: Updating window title bar state: overlay mode, drag disabled, window buttons hidden, title bar hidden
[2022.04.26-17.20.10:456][  0]LogInit: Display: Game Engine Initialized.
[2022.04.26-17.20.10:456][  0]LogNiagaraEditor: GEditor isn't valid! Particle reset commands will not work for Niagara components!
[2022.04.26-17.20.10:545][  0]LogInit: Display: Starting Game.
[2022.04.26-17.20.10:545][  0]LogNet: Browse: /Game/ThirdPersonBP/Maps/Main_Menu/Main_Menu_Level?Name=Player
[2022.04.26-17.20.10:545][  0]LogLoad: LoadMap: /Game/ThirdPersonBP/Maps/Main_Menu/Main_Menu_Level?Name=Player
[2022.04.26-17.20.10:545][  0]LogWorld: BeginTearingDown for /Temp/Untitled_0
[2022.04.26-17.20.10:546][  0]LogWorld: UWorld::CleanupWorld for Untitled, bSessionEnded=true, bCleanupResources=true
[2022.04.26-17.20.10:546][  0]LogSlate: InvalidateAllWidgets triggered.  All widgets were invalidated
[2022.04.26-17.20.10:563][  0]LogAudio: Display: Audio Device unregistered from world 'None'.
[2022.04.26-17.20.10:567][  0]LogUObjectHash: Compacting FUObjectHashTables data took   1.00ms
[2022.04.26-17.20.10:575][  0]LogAudio: Display: Audio Device (ID: 1) registered with world 'Main_Menu_Level'.
[2022.04.26-17.20.10:581][  0]LogAIModule: Creating AISystem for world Main_Menu_Level
[2022.04.26-17.20.10:581][  0]LogLoad: Game class is 'Main_Menu_GameMode_C'
[2022.04.26-17.20.10:582][  0]LogWorld: Bringing World /Game/ThirdPersonBP/Maps/Main_Menu/Main_Menu_Level.Main_Menu_Level up for play (max tick rate 0) at 2022.04.26-13.20.10
[2022.04.26-17.20.10:582][  0]LogWorld: Bringing up level for play took: 0.000277
[2022.04.26-17.20.10:582][  0]LogGameMode: FindPlayerStart: PATHS NOT DEFINED or NO PLAYERSTART with positive rating
[2022.04.26-17.20.10:584][  0]LogLoad: Took 0.039005 seconds to LoadMap(/Game/ThirdPersonBP/Maps/Main_Menu/Main_Menu_Level)
[2022.04.26-17.20.10:752][  0]LogSlate: Took 0.000173 seconds to synchronously load lazily loaded font '../../../Engine/Content/Slate/Fonts/Roboto-Regular.ttf' (155K)
[2022.04.26-17.20.10:823][  0]LogRenderer: Reallocating scene render targets to support 1280x720 Format 10 NumSamples 1 (Frame:1).
[2022.04.26-17.20.10:823][  0]LogInit: Display: Engine is initialized. Leaving FEngineLoop::Init()
[2022.04.26-17.20.10:823][  0]LogLoad: (Engine Initialization) Total time: 5.66 seconds
[2022.04.26-17.20.10:823][  0]LogLoad: (Engine Initialization) Total Blueprint compile time: 0.00 seconds
[2022.04.26-17.20.10:825][  0]LogContentStreaming: Texture pool size now 1000 MB
[2022.04.26-17.20.10:827][  0]LogSlate: InvalidateAllWidgets triggered.  All widgets were invalidated
[2022.04.26-17.20.10:859][  1]LogSlate: Took 0.000197 seconds to synchronously load lazily loaded font '../../../Engine/Content/Slate/Fonts/Roboto-Regular.ttf' (155K)
[2022.04.26-17.20.18:840][417]LogSlate: Window 'CIS488_Alpha (64-bit Development PCD3D_SM5) ' being destroyed
[2022.04.26-17.20.18:841][417]LogWindowsTextInputMethodSystem: Display: IME system deactivated.
[2022.04.26-17.20.18:845][417]LogWindowsTextInputMethodSystem: Display: IME system deactivated.
[2022.04.26-17.20.18:846][417]LogSlate: Updating window title bar state: overlay mode, drag disabled, window buttons hidden, title bar hidden
[2022.04.26-17.20.18:846][417]LogEngine: All Windows Closed
[2022.04.26-17.20.18:846][417]LogWindows: FPlatformMisc::RequestExit(0)
[2022.04.26-17.20.18:846][417]LogWindows: FPlatformMisc::RequestExitWithStatus(0, 0)
[2022.04.26-17.20.18:846][417]LogCore: Engine exit requested (reason: Win RequestExit)
[2022.04.26-17.20.18:846][418]LogCore: Engine exit requested (reason: EngineExit() was called; note: exit was already requested)
[2022.04.26-17.20.18:846][418]LogInit: Display: PreExit Game.
[2022.04.26-17.20.18:857][418]LogWorld: BeginTearingDown for /Game/ThirdPersonBP/Maps/Main_Menu/Main_Menu_Level
[2022.04.26-17.20.18:857][418]LogWorld: UWorld::CleanupWorld for Main_Menu_Level, bSessionEnded=true, bCleanupResources=true
[2022.04.26-17.20.18:857][418]LogSlate: InvalidateAllWidgets triggered.  All widgets were invalidated
[2022.04.26-17.20.19:102][418]LogAudio: Display: Beginning Audio Device Manager Shutdown (Module: AudioMixerXAudio2)...
[2022.04.26-17.20.19:102][418]LogAudio: Display: Destroying 1 Remaining Audio Device(s)...
[2022.04.26-17.20.19:102][418]LogAudio: Display: Audio Device unregistered from world 'Main_Menu_Level'.
[2022.04.26-17.20.19:128][418]LogAudioMixer: FMixerPlatformXAudio2::StopAudioStream() called
[2022.04.26-17.20.19:129][418]LogAudioMixer: FMixerPlatformXAudio2::StopAudioStream() called
[2022.04.26-17.20.19:160][418]LogAudio: Display: Audio Device Manager Shutdown
[2022.04.26-17.20.19:163][418]LogExit: Preparing to exit.
